You did not specify how you would like Rails to report deprecation notices for your development environment, please set config.active_support.deprecation to :log at config/environments/development.rb
[2017-02-03 17:31:06] INFO  WEBrick 1.3.1
[2017-02-03 17:31:06] INFO  ruby 1.9.2 (2012-04-20) [x86_64-linux]
[2017-02-03 17:31:06] WARN  TCPServer Error: Address already in use - bind(2)
/usr/local/rvm/rubies/ruby-1.9.2-p320/lib/ruby/1.9.1/webrick/utils.rb:73:in `initialize': Address already in use - bind(2) (Errno::EADDRINUSE)
	from /usr/local/rvm/rubies/ruby-1.9.2-p320/lib/ruby/1.9.1/webrick/utils.rb:73:in `new'
	from /usr/local/rvm/rubies/ruby-1.9.2-p320/lib/ruby/1.9.1/webrick/utils.rb:73:in `block in create_listeners'
	from /usr/local/rvm/rubies/ruby-1.9.2-p320/lib/ruby/1.9.1/webrick/utils.rb:70:in `each'
	from /usr/local/rvm/rubies/ruby-1.9.2-p320/lib/ruby/1.9.1/webrick/utils.rb:70:in `create_listeners'
	from /usr/local/rvm/rubies/ruby-1.9.2-p320/lib/ruby/1.9.1/webrick/server.rb:74:in `listen'
	from /usr/local/rvm/rubies/ruby-1.9.2-p320/lib/ruby/1.9.1/webrick/server.rb:62:in `initialize'
	from /usr/local/rvm/rubies/ruby-1.9.2-p320/lib/ruby/1.9.1/webrick/httpserver.rb:24:in `initialize'
	from /usr/local/rvm/gems/ruby-1.9.2-p320/gems/rack-1.4.5/lib/rack/handler/webrick.rb:10:in `new'
	from /usr/local/rvm/gems/ruby-1.9.2-p320/gems/rack-1.4.5/lib/rack/handler/webrick.rb:10:in `run'
	from /usr/local/rvm/gems/ruby-1.9.2-p320/gems/rack-1.4.5/lib/rack/server.rb:268:in `start'
	from /usr/local/rvm/gems/ruby-1.9.2-p320/gems/railties-3.2.13/lib/rails/commands/server.rb:70:in `start'
	from /usr/local/rvm/gems/ruby-1.9.2-p320/gems/railties-3.2.13/lib/rails/commands.rb:55:in `block in <top (required)>'
	from /usr/local/rvm/gems/ruby-1.9.2-p320/gems/railties-3.2.13/lib/rails/commands.rb:50:in `tap'
	from /usr/local/rvm/gems/ruby-1.9.2-p320/gems/railties-3.2.13/lib/rails/commands.rb:50:in `<top (required)>'
	from script/rails:6:in `require'
	from script/rails:6:in `<main>'
=> Booting WEBrick
=> Rails 3.2.13 application starting in development on http://0.0.0.0:3000
=> Call with -d to detach
=> Ctrl-C to shutdown server
Exiting
